SF:lib/src/client.dart
DA:139,1
DA:140,4
DA:141,4
DA:147,1
DA:150,3
DA:151,3
DA:152,1
DA:153,5
DA:157,1
DA:158,1
DA:159,3
DA:160,3
DA:161,1
DA:173,1
DA:176,3
DA:177,1
DA:179,1
DA:181,1
DA:183,1
DA:184,3
DA:185,1
DA:186,1
DA:198,1
DA:200,3
DA:201,1
DA:203,3
DA:204,1
DA:206,1
DA:207,3
DA:208,3
DA:209,1
DA:210,5
DA:214,1
DA:216,3
DA:217,3
DA:218,1
DA:219,5
DA:225,1
DA:228,3
DA:229,3
DA:230,1
DA:231,5
DA:235,1
DA:236,1
DA:237,3
DA:238,3
DA:239,1
DA:251,1
DA:254,3
DA:255,1
DA:257,1
DA:259,1
DA:261,1
DA:262,3
DA:263,1
DA:264,1
DA:270,1
DA:271,1
DA:273,4
DA:281,1
DA:282,1
DA:283,3
DA:284,1
DA:301,1
DA:307,1
DA:308,1
DA:309,1
DA:310,1
DA:311,2
DA:312,2
DA:313,1
DA:315,3
DA:316,1
DA:317,1
DA:323,1
DA:324,1
DA:326,4
DA:334,1
DA:335,1
DA:336,3
DA:337,1
DA:354,1
DA:360,1
DA:361,1
DA:362,1
DA:363,1
DA:364,2
DA:365,2
DA:366,1
DA:368,3
DA:369,1
DA:370,1
DA:377,1
DA:378,1
DA:379,1
DA:380,3
DA:381,1
DA:384,0
LF:98
LH:97
end_of_record
SF:lib/src/exceptions.dart
DA:23,0
DA:25,0
DA:26,0
LF:3
LH:0
end_of_record
SF:lib/src/templates/anime_list.dart
DA:39,1
DA:51,1
DA:52,1
DA:53,1
DA:54,2
DA:55,2
DA:56,2
DA:57,2
DA:58,2
DA:59,2
DA:60,1
DA:61,1
LF:12
LH:12
end_of_record
SF:lib/src/templates/manga_list.dart
DA:40,1
DA:53,1
DA:54,1
DA:55,1
DA:56,2
DA:57,2
DA:58,2
DA:59,2
DA:60,2
DA:61,2
DA:62,2
DA:63,1
DA:64,1
LF:13
LH:13
end_of_record
SF:lib/src/helpers/request_handler.dart
DA:30,1
DA:31,2
DA:34,1
DA:39,3
DA:40,1
DA:41,5
DA:42,2
DA:43,2
DA:46,0
DA:47,0
DA:48,0
DA:50,1
DA:51,4
DA:52,1
DA:53,2
DA:54,2
DA:57,0
DA:58,0
DA:59,0
DA:61,1
DA:63,5
DA:64,2
DA:65,1
DA:66,3
DA:69,0
DA:70,0
DA:71,0
LF:27
LH:18
end_of_record
SF:lib/src/models/anime/anime.dart
DA:81,1
DA:115,1
DA:116,1
LF:3
LH:3
end_of_record
SF:lib/src/models/anime/anime.g.dart
DA:9,1
DA:10,1
DA:11,1
DA:12,1
DA:13,1
DA:15,2
DA:16,1
DA:18,1
DA:19,1
DA:20,2
DA:21,2
DA:22,1
DA:23,2
DA:24,1
DA:25,1
DA:26,1
DA:27,1
DA:28,1
DA:29,2
DA:30,2
DA:31,1
DA:32,1
DA:33,1
DA:34,3
DA:35,1
DA:36,1
DA:38,0
DA:39,0
DA:40,1
DA:41,1
DA:43,2
DA:44,1
DA:46,2
DA:47,1
DA:48,1
DA:49,1
DA:50,1
DA:51,3
DA:52,1
DA:53,1
DA:54,1
DA:55,3
DA:56,1
DA:57,1
DA:58,1
DA:59,1
DA:60,1
DA:61,3
DA:62,1
DA:63,1
DA:64,3
DA:65,1
DA:66,1
DA:68,2
LF:54
LH:52
end_of_record
SF:lib/src/models/generic/generic_response.dart
DA:28,1
DA:30,1
DA:31,1
LF:3
LH:3
end_of_record
SF:lib/src/models/generic/generic_response.g.dart
DA:9,1
DA:10,1
DA:11,1
DA:12,3
DA:13,1
LF:5
LH:5
end_of_record
SF:lib/src/models/generic/node.g.dart
DA:9,1
DA:10,1
DA:11,1
DA:12,1
DA:13,1
DA:15,2
LF:6
LH:6
end_of_record
SF:lib/src/models/generic/node.dart
DA:36,1
DA:38,1
DA:39,1
LF:3
LH:3
end_of_record
SF:lib/src/models/generic/ranked_node.dart
DA:31,1
DA:33,1
DA:34,1
LF:3
LH:3
end_of_record
SF:lib/src/models/generic/ranked_node.g.dart
DA:9,1
DA:10,1
DA:11,1
DA:13,2
DA:14,1
DA:16,2
LF:6
LH:6
end_of_record
SF:lib/src/models/generic/ranked_response.g.dart
DA:9,1
DA:10,1
DA:11,1
DA:12,3
DA:13,1
LF:5
LH:5
end_of_record
SF:lib/src/models/generic/ranked_response.dart
DA:28,1
DA:30,1
DA:31,1
LF:3
LH:3
end_of_record
SF:lib/src/models/lists/anime_list.g.dart
DA:9,1
DA:10,1
DA:11,1
DA:13,2
DA:14,1
DA:16,1
DA:17,1
LF:7
LH:7
end_of_record
SF:lib/src/models/lists/anime_list.dart
DA:31,1
DA:33,1
DA:34,1
LF:3
LH:3
end_of_record
SF:lib/src/models/lists/animelist_response.g.dart
DA:9,1
DA:10,1
DA:11,1
DA:12,3
DA:13,1
LF:5
LH:5
end_of_record
SF:lib/src/models/lists/animelist_response.dart
DA:28,1
DA:30,1
DA:31,1
LF:3
LH:3
end_of_record
SF:lib/src/models/lists/manga_list.g.dart
DA:9,1
DA:10,1
DA:11,1
DA:13,2
DA:14,1
DA:16,1
DA:17,1
LF:7
LH:7
end_of_record
SF:lib/src/models/lists/manga_list.dart
DA:31,1
DA:33,1
DA:34,1
LF:3
LH:3
end_of_record
SF:lib/src/models/lists/mangalist_response.dart
DA:28,1
DA:30,1
DA:31,1
LF:3
LH:3
end_of_record
SF:lib/src/models/lists/mangalist_response.g.dart
DA:9,1
DA:10,1
DA:11,1
DA:12,3
DA:13,1
LF:5
LH:5
end_of_record
SF:lib/src/models/manga/manga.g.dart
DA:9,1
DA:10,1
DA:11,1
DA:12,1
DA:13,1
DA:15,2
DA:16,1
DA:18,1
DA:19,1
DA:20,2
DA:21,2
DA:22,1
DA:23,2
DA:24,1
DA:25,1
DA:26,1
DA:27,1
DA:28,1
DA:29,2
DA:30,2
DA:31,1
DA:32,1
DA:33,1
DA:34,3
DA:35,1
DA:36,1
DA:38,0
DA:39,0
DA:40,1
DA:41,1
DA:42,1
DA:43,3
DA:44,1
DA:45,1
DA:46,3
DA:47,1
DA:48,1
DA:49,1
DA:50,1
DA:51,1
DA:52,1
DA:53,3
DA:54,1
DA:55,1
DA:56,3
DA:57,1
DA:58,1
DA:59,3
DA:60,1
LF:49
LH:47
end_of_record
SF:lib/src/models/manga/manga.dart
DA:75,1
DA:105,1
DA:106,1
LF:3
LH:3
end_of_record
SF:lib/src/models/user/user.g.dart
DA:9,1
DA:10,1
DA:11,1
DA:12,1
DA:13,1
DA:14,2
DA:15,1
DA:17,1
DA:18,1
LF:9
LH:9
end_of_record
SF:lib/src/models/user/user.dart
DA:37,1
DA:39,1
DA:40,1
LF:3
LH:3
end_of_record
SF:lib/src/helpers/date_conversion.dart
DA:18,1
DA:20,1
LF:2
LH:2
end_of_record
SF:lib/src/models/anime/broadcast.dart
DA:28,1
DA:30,1
DA:31,1
LF:3
LH:3
end_of_record
SF:lib/src/models/anime/broadcast.g.dart
DA:9,1
DA:10,1
DA:11,1
DA:12,1
LF:4
LH:4
end_of_record
SF:lib/src/models/anime/my_list_status.dart
DA:37,1
DA:40,1
DA:41,1
LF:3
LH:3
end_of_record
SF:lib/src/models/anime/my_list_status.g.dart
DA:9,1
DA:10,1
DA:11,1
DA:12,1
DA:13,1
DA:14,1
DA:15,2
LF:7
LH:7
end_of_record
SF:lib/src/models/anime/start_season.g.dart
DA:9,1
DA:10,1
DA:11,1
DA:12,1
LF:4
LH:4
end_of_record
SF:lib/src/models/anime/start_season.dart
DA:28,1
DA:30,1
DA:31,1
LF:3
LH:3
end_of_record
SF:lib/src/models/anime/statistics.dart
DA:30,1
DA:32,1
DA:33,1
LF:3
LH:3
end_of_record
SF:lib/src/models/anime/statistics.g.dart
DA:9,1
DA:10,1
DA:11,1
DA:13,2
DA:14,1
LF:5
LH:5
end_of_record
SF:lib/src/models/anime/status.dart
DA:31,1
DA:34,1
DA:35,1
LF:3
LH:3
end_of_record
SF:lib/src/models/anime/status.g.dart
DA:9,1
DA:10,1
DA:11,1
DA:12,1
DA:13,1
DA:14,1
DA:15,1
LF:7
LH:7
end_of_record
SF:lib/src/models/anime/studio.dart
DA:28,1
DA:30,1
DA:31,1
LF:3
LH:3
end_of_record
SF:lib/src/models/anime/studio.g.dart
DA:9,1
DA:10,1
DA:11,1
DA:12,1
LF:4
LH:4
end_of_record
SF:lib/src/models/generic/alternative_titles.g.dart
DA:9,1
DA:10,1
DA:11,4
DA:12,1
DA:13,1
LF:5
LH:5
end_of_record
SF:lib/src/models/generic/alternative_titles.dart
DA:29,1
DA:31,1
DA:32,1
LF:3
LH:3
end_of_record
SF:lib/src/models/generic/genre.dart
DA:28,1
DA:30,1
DA:31,1
LF:3
LH:3
end_of_record
SF:lib/src/models/generic/genre.g.dart
DA:9,1
DA:10,1
DA:11,1
DA:12,1
LF:4
LH:4
end_of_record
SF:lib/src/models/generic/main_picture.dart
DA:31,1
DA:33,1
DA:34,1
LF:3
LH:3
end_of_record
SF:lib/src/models/generic/main_picture.g.dart
DA:9,1
DA:10,1
DA:11,1
DA:12,1
LF:4
LH:4
end_of_record
SF:lib/src/models/generic/picture.g.dart
DA:9,1
DA:10,1
DA:11,1
DA:12,1
LF:4
LH:4
end_of_record
SF:lib/src/models/generic/picture.dart
DA:31,1
DA:33,1
DA:34,1
LF:3
LH:3
end_of_record
SF:lib/src/models/generic/ranking.g.dart
DA:9,1
DA:10,1
DA:11,1
LF:3
LH:3
end_of_record
SF:lib/src/models/generic/ranking.dart
DA:27,1
DA:29,1
DA:30,1
LF:3
LH:3
end_of_record
SF:lib/src/models/generic/recommendation.g.dart
DA:9,1
DA:10,1
DA:11,1
DA:13,2
DA:14,1
LF:5
LH:5
end_of_record
SF:lib/src/models/generic/recommendation.dart
DA:30,1
DA:32,1
DA:33,1
LF:3
LH:3
end_of_record
SF:lib/src/models/generic/relation.dart
DA:31,1
DA:33,1
DA:34,1
LF:3
LH:3
end_of_record
SF:lib/src/models/generic/relation.g.dart
DA:9,1
DA:10,1
DA:11,1
DA:13,2
DA:14,1
DA:15,1
LF:6
LH:6
end_of_record
SF:lib/src/models/manga/author.g.dart
DA:9,1
DA:10,1
DA:11,1
DA:13,2
DA:14,1
LF:5
LH:5
end_of_record
SF:lib/src/models/manga/author.dart
DA:30,1
DA:32,1
DA:33,1
LF:3
LH:3
end_of_record
SF:lib/src/models/manga/author_node.dart
DA:29,1
DA:31,1
DA:32,1
LF:3
LH:3
end_of_record
SF:lib/src/models/manga/author_node.g.dart
DA:9,1
DA:10,1
DA:11,1
DA:12,1
DA:13,1
LF:5
LH:5
end_of_record
SF:lib/src/models/manga/my_list_status.dart
DA:38,1
DA:41,1
DA:42,1
LF:3
LH:3
end_of_record
SF:lib/src/models/manga/my_list_status.g.dart
DA:9,1
DA:10,1
DA:11,1
DA:12,1
DA:13,1
DA:14,1
DA:15,1
DA:16,2
LF:8
LH:8
end_of_record
SF:lib/src/models/manga/serial_node.dart
DA:28,1
DA:30,1
DA:31,1
LF:3
LH:3
end_of_record
SF:lib/src/models/manga/serial_node.g.dart
DA:9,1
DA:10,1
DA:11,1
DA:12,1
LF:4
LH:4
end_of_record
SF:lib/src/models/manga/serialization.dart
DA:29,1
DA:31,1
DA:32,1
LF:3
LH:3
end_of_record
SF:lib/src/models/manga/serialization.g.dart
DA:9,1
DA:10,1
DA:11,1
DA:13,2
LF:4
LH:4
end_of_record
SF:lib/src/models/user/anime_statistics.g.dart
DA:9,1
DA:10,1
DA:11,1
DA:12,1
DA:13,1
DA:14,1
DA:15,1
DA:16,1
DA:17,2
DA:18,2
DA:19,2
DA:20,2
DA:21,2
DA:22,2
DA:23,1
DA:24,1
DA:25,2
LF:17
LH:17
end_of_record
SF:lib/src/models/user/anime_statistics.dart
DA:41,1
DA:58,1
DA:59,1
LF:3
LH:3
end_of_record
SF:lib/src/models/generic/node_container.g.dart
DA:9,1
DA:10,1
DA:11,1
DA:13,2
LF:4
LH:4
end_of_record
SF:lib/src/models/generic/node_container.dart
DA:28,1
DA:30,1
DA:31,1
LF:3
LH:3
end_of_record
